<?xml version="1.0" encoding="UTF-8"?>
<!-- Generated by org.testng.reporters.JUnitXMLReporter -->
<testsuite ignored="2" hostname="OLL-32221" failures="0" tests="10" name="Surefire test" time="3.817" errors="0" timestamp="2026-02-13T12:19:04 IST">
  <testcase classname="com.SwagLabsUITest.TestCases.Tc1_LoginTest" name="verifyUrl" time="0.102"/>
  <testcase classname="com.SwagLabsUITest.TestCases.Tc1_LoginTest" name="verifyTitle" time="0.014"/>
  <testcase classname="com.SwagLabsUITest.TestCases.Tc1_LoginTest" name="verifyLogin" time="0.691"/>
  <testcase classname="com.SwagLabsUITest.TestCases.Tc1_LoginTest" name="verifyLogin" time="0.731"/>
  <testcase classname="com.SwagLabsUITest.TestCases.Tc1_LoginTest" name="verifyLogin" time="0.639"/>
  <testcase classname="com.SwagLabsUITest.TestCases.Tc1_LoginTest" name="verifyLogin" time="0.928"/>
  <testcase classname="com.SwagLabsUITest.TestCases.Tc2_InventoryTest" name="printProductDetails" time="0.235"/>
  <testcase classname="com.SwagLabsUITest.TestCases.Tc2_InventoryTest" name="verifyProductCount" time="0.028"/>
  <testcase classname="testlistener.TestListener" name="testcase1" time="0.002"/>
  <testcase classname="testlistener.TestListener" name="testcase2" time="0.004"/>
  <testcase classname="com.SwagLabsUITest.Base.BaseClass" name="@AfterSuite afterSuite" time="0.0">
    <ignored/>
  </testcase> <!-- @AfterSuite afterSuite -->
  <testcase classname="com.SwagLabsUITest.Base.BaseClass" name="@BeforeSuite beforeSuite" time="0.0">
    <ignored/>
  </testcase> <!-- @BeforeSuite beforeSuite -->
</testsuite> <!-- Surefire test -->
