<?xml version="1.0" encoding="UTF-8"?>
<!-- Generated by org.testng.reporters.JUnitXMLReporter -->
<testsuite ignored="2" hostname="OLL-32221" failures="0" tests="10" name="SwagLabs Tests" time="4.156" errors="0" timestamp="2026-02-16T15:56:18 IST">
  <testcase classname="com.SwagLabsUITest.TestCases.Tc1_LoginTest" name="verifyUrl" time="0.281"/>
  <testcase classname="com.SwagLabsUITest.TestCases.Tc1_LoginTest" name="VerifyTitle" time="0.014"/>
  <testcase classname="com.SwagLabsUITest.TestCases.Tc1_LoginTest" name="VerifyLogin" time="0.472"/>
  <testcase classname="com.SwagLabsUITest.TestCases.Tc1_LoginTest" name="VerifyLogin" time="0.388"/>
  <testcase classname="com.SwagLabsUITest.TestCases.Tc1_LoginTest" name="VerifyLogin" time="0.345"/>
  <testcase classname="com.SwagLabsUITest.TestCases.Tc1_LoginTest" name="VerifyLogin" time="0.402"/>
  <testcase classname="com.SwagLabsUITest.TestCases.Tc2_InventoryTest" name="verifyProductCount" time="0.032"/>
  <testcase classname="com.SwagLabsUITest.TestCases.Tc2_InventoryTest" name="verifyBikeLightProductName" time="0.048"/>
  <testcase classname="com.SwagLabsUITest.TestCases.Tc2_InventoryTest" name="verifyAddToCart" time="0.22"/>
  <testcase classname="com.SwagLabsUITest.TestCases.Tc2_InventoryTest" name="verifyAllProductNames" time="0.111"/>
  <testcase classname="com.SwagLabsUITest.Base.BaseClass" name="@AfterSuite afterSuite" time="0.0">
    <ignored/>
  </testcase> <!-- @AfterSuite afterSuite -->
  <testcase classname="com.SwagLabsUITest.Base.BaseClass" name="@BeforeSuite beforeSuite" time="0.0">
    <ignored/>
  </testcase> <!-- @BeforeSuite beforeSuite -->
</testsuite> <!-- SwagLabs Tests -->
