<?xml version="1.0" encoding="UTF-8"?>
<!-- Generated by org.testng.reporters.JUnitXMLReporter -->
<testsuite ignored="2" hostname="OLL-32221" failures="0" tests="13" name="SwagLabs Tests" time="4.552" errors="0" timestamp="2026-02-18T10:40:21 IST">
  <testcase classname="com.SwagLabsUITest.TestCases.Tc1_LoginTest" name="verifyUrl" time="0.1"/>
  <testcase classname="com.SwagLabsUITest.TestCases.Tc1_LoginTest" name="VerifyTitle" time="0.024"/>
  <testcase classname="com.SwagLabsUITest.TestCases.Tc1_LoginTest" name="VerifyLogin" time="0.372"/>
  <testcase classname="com.SwagLabsUITest.TestCases.Tc1_LoginTest" name="VerifyLogin" time="0.327"/>
  <testcase classname="com.SwagLabsUITest.TestCases.Tc1_LoginTest" name="VerifyLogin" time="0.288"/>
  <testcase classname="com.SwagLabsUITest.TestCases.Tc1_LoginTest" name="VerifyLogin" time="0.346"/>
  <testcase classname="com.SwagLabsUITest.TestCases.Tc2_InventoryTest" name="verifyProductCount" time="0.024"/>
  <testcase classname="com.SwagLabsUITest.TestCases.Tc2_InventoryTest" name="verifyBikeLightProductName" time="0.049"/>
  <testcase classname="com.SwagLabsUITest.TestCases.Tc2_InventoryTest" name="verifyAllProductNames" time="0.111"/>
  <testcase classname="com.SwagLabsUITest.TestCases.Tc2_InventoryTest" name="verifyBikeLightProductIsDisplayed" time="0.032"/>
  <testcase classname="com.SwagLabsUITest.TestCases.Tc2_InventoryTest" name="verifyAllProductsAreDisplayed" time="0.108"/>
  <testcase classname="com.SwagLabsUITest.TestCases.Tc2_InventoryTest" name="verifyFirstProductNameIsNotEmpty" time="0.339"/>
  <testcase classname="com.SwagLabsUITest.TestCases.Tc2_InventoryTest" name="verifyProductCountMatchesProductNameList" time="0.031"/>
  <testcase classname="com.SwagLabsUITest.Base.BaseClass" name="@BeforeSuite beforeSuite" time="0.0">
    <ignored/>
  </testcase> <!-- @BeforeSuite beforeSuite -->
  <testcase classname="com.SwagLabsUITest.Base.BaseClass" name="@AfterSuite afterSuite" time="0.0">
    <ignored/>
  </testcase> <!-- @AfterSuite afterSuite -->
</testsuite> <!-- SwagLabs Tests -->
