<?xml version="1.0" encoding="UTF-8"?>
<!-- Generated by org.testng.reporters.JUnitXMLReporter -->
<testsuite ignored="3" hostname="OLL-32221" failures="0" tests="8" name="Test" time="3.305" errors="0" timestamp="2026-02-13T16:55:27 IST">
  <testcase classname="com.SwagLabsUITest.TestCases.Tc1_LoginTest" name="verifyUrl" time="0.052"/>
  <testcase classname="com.SwagLabsUITest.TestCases.Tc1_LoginTest" name="VerifyTitle" time="0.003"/>
  <testcase classname="com.SwagLabsUITest.TestCases.Tc1_LoginTest" name="VerifyLogin" time="0.358"/>
  <testcase classname="com.SwagLabsUITest.TestCases.Tc1_LoginTest" name="VerifyLogin" time="0.412"/>
  <testcase classname="com.SwagLabsUITest.TestCases.Tc1_LoginTest" name="VerifyLogin" time="0.326"/>
  <testcase classname="com.SwagLabsUITest.TestCases.Tc1_LoginTest" name="VerifyLogin" time="0.364"/>
  <testcase classname="com.SwagLabsUITest.TestCases.Tc2_InventoryTest" name="bikeLightProductName" time="0.048"/>
  <testcase classname="com.SwagLabsUITest.TestCases.Tc2_InventoryTest" name="onproducts" time="0.135"/>
  <testcase classname="com.SwagLabsUITest.TestCases.Tc2_InventoryTest" name="VerifyProductCount" time="0.0">
    <ignored/>
  </testcase> <!-- VerifyProductCount -->
  <testcase classname="com.SwagLabsUITest.Base.BaseClass" name="@AfterSuite afterSuite" time="0.0">
    <ignored/>
  </testcase> <!-- @AfterSuite afterSuite -->
  <testcase classname="com.SwagLabsUITest.Base.BaseClass" name="@BeforeSuite beforeSuite" time="0.0">
    <ignored/>
  </testcase> <!-- @BeforeSuite beforeSuite -->
</testsuite> <!-- Test -->
