<?xml version="1.0" encoding="UTF-8"?>
<testsuite xmlns:xsi="http://www.w3.org/2001/XMLSchema-instance" xsi:noNamespaceSchemaLocation="https://maven.apache.org/surefire/maven-surefire-plugin/xsd/surefire-test-report.xsd" version="3.0.2" name="TestSuite" time="12.065" tests="10" errors="0" skipped="0" failures="0">
  <properties>
[...]
</properties>
  <testcase name="verifyUrl" classname="com.SwagLabsUITest.TestCases.Tc1_LoginTest" time="0.113">
    <system-out><![CDATA[=== Test Suite Started ===
Browser launched
Application opened
Test Start Pass...null
]]></system-out>
    <system-err><![CDATA[SLF4J: Failed to load class "org.slf4j.impl.StaticLoggerBinder".
SLF4J: Defaulting to no-operation (NOP) logger implementation
SLF4J: See http://www.slf4j.org/codes.html#StaticLoggerBinder for further details.
Feb 13, 2026 12:19:00 PM org.openqa.selenium.devtools.CdpVersionFinder findNearestMatch
WARNING: Unable to find CDP implementation matching 144
Feb 13, 2026 12:19:00 PM org.openqa.selenium.chromium.ChromiumDriver lambda$new$4
WARNING: Unable to find version of CDP to use for 144.0.7559.133. You may need to include a dependency on a specific version of the CDP using something similar to `org.seleniumhq.selenium:selenium-devtools-v86:4.29.0` where the version ("v86") matches the version of the chromium-based browser you're using and the version number of the artifact is the same as Selenium's.
]]></system-err>
  </testcase>
  <testcase name="verifyTitle" classname="com.SwagLabsUITest.TestCases.Tc1_LoginTest" time="0.009">
    <system-out><![CDATA[Test finished: verifyUrl
Application opened
Test Start Pass...null
]]></system-out>
  </testcase>
  <testcase name="verifyLogin[anand, secret_sauce, invalid](1)" classname="com.SwagLabsUITest.TestCases.Tc1_LoginTest" time="0.692">
    <system-out><![CDATA[Test finished: verifyTitle
Application opened
Test Start Pass...null
]]></system-out>
  </testcase>
  <testcase name="verifyLogin[standard_user, wrong, invalid](2)" classname="com.SwagLabsUITest.TestCases.Tc1_LoginTest" time="0.732">
    <system-out><![CDATA[Test finished: verifyLogin
Application opened
Test Start Pass...null
]]></system-out>
  </testcase>
  <testcase name="verifyLogin[, , invalid](3)" classname="com.SwagLabsUITest.TestCases.Tc1_LoginTest" time="0.641">
    <system-out><![CDATA[Test finished: verifyLogin
Application opened
Test Start Pass...null
]]></system-out>
  </testcase>
  <testcase name="verifyLogin[standard_user, secret_sauce, valid](4)" classname="com.SwagLabsUITest.TestCases.Tc1_LoginTest" time="0.928">
    <system-out><![CDATA[Test finished: verifyLogin
Application opened
Test Start Pass...null
]]></system-out>
  </testcase>
  <testcase name="printProductDetails" classname="com.SwagLabsUITest.TestCases.Tc2_InventoryTest" time="0.237">
    <system-out><![CDATA[Test finished: verifyLogin
Application opened
Test Start Pass...null
*** Product Details ***
Sauce Labs Backpack
Sauce Labs Bike Light
Sauce Labs Bolt T-Shirt
Sauce Labs Fleece Jacket
Sauce Labs Onesie
Test.allTheThings() T-Shirt (Red)
]]></system-out>
  </testcase>
  <testcase name="verifyProductCount" classname="com.SwagLabsUITest.TestCases.Tc2_InventoryTest" time="0.03">
    <system-out><![CDATA[Test finished: printProductDetails
Application opened
Test Start Pass...null
Total Product count matched: 6
]]></system-out>
  </testcase>
  <testcase name="testcase1" classname="testlistener.TestListener" time="0.002">
    <system-out><![CDATA[Test finished: verifyProductCount
Test Start Pass...null
Test Case1 Pass....
]]></system-out>
  </testcase>
  <testcase name="testcase2" classname="testlistener.TestListener" time="0.003">
    <system-out><![CDATA[Test Start Pass...null
Test Case2 Pass....
]]></system-out>
  </testcase>
</testsuite>