<?xml version="1.0" encoding="UTF-8"?>
<testng-results ignored="2" total="12" passed="10" failed="0" skipped="0">
  <reporter-output>
  </reporter-output>
  <suite started-at="2026-02-13T12:19:00 IST" name="Surefire suite" finished-at="2026-02-13T12:19:04 IST" duration-ms="3817">
    <groups>
    </groups>
    <test started-at="2026-02-13T12:19:00 IST" name="Surefire test" finished-at="2026-02-13T12:19:04 IST" duration-ms="3817">
      <class name="testlistener.TestListener">
        <test-method signature="testcase1()[pri:0, instance:testlistener.TestListener@7b36aa0c]" started-at="2026-02-13T12:19:04 IST" name="testcase1" finished-at="2026-02-13T12:19:04 IST" duration-ms="2" status="PASS">
          <reporter-output>
          </reporter-output>
        </test-method> <!-- testcase1 -->
        <test-method signature="testcase2()[pri:0, instance:testlistener.TestListener@7b36aa0c]" started-at="2026-02-13T12:19:04 IST" name="testcase2" finished-at="2026-02-13T12:19:04 IST" duration-ms="4" status="PASS">
          <reporter-output>
          </reporter-output>
        </test-method> <!-- testcase2 -->
      </class> <!-- testlistener.TestListener -->
      <class name="com.SwagLabsUITest.TestCases.Tc1_LoginTest">
        <test-method is-config="true" signature="beforeSuite()[pri:0, instance:com.SwagLabsUITest.TestCases.Tc1_LoginTest@70e9c95d]" started-at="2026-02-13T12:18:53 IST" name="beforeSuite" finished-at="2026-02-13T12:19:00 IST" duration-ms="7319" status="PASS">
          <reporter-output>
          </reporter-output>
        </test-method> <!-- beforeSuite -->
        <test-method is-config="true" signature="setupInventory()[pri:0, instance:com.SwagLabsUITest.TestCases.Tc1_LoginTest@70e9c95d]" started-at="2026-02-13T12:19:00 IST" name="setupInventory" finished-at="2026-02-13T12:19:00 IST" duration-ms="33" status="PASS">
          <reporter-output>
          </reporter-output>
        </test-method> <!-- setupInventory -->
        <test-method is-config="true" signature="setup()[pri:0, instance:com.SwagLabsUITest.TestCases.Tc1_LoginTest@70e9c95d]" started-at="2026-02-13T12:19:00 IST" name="setup" finished-at="2026-02-13T12:19:00 IST" duration-ms="0" status="PASS">
          <reporter-output>
          </reporter-output>
        </test-method> <!-- setup -->
        <test-method is-config="true" signature="openApp()[pri:0, instance:com.SwagLabsUITest.TestCases.Tc1_LoginTest@70e9c95d]" started-at="2026-02-13T12:19:00 IST" name="openApp" finished-at="2026-02-13T12:19:00 IST" duration-ms="0" status="PASS">
          <reporter-output>
          </reporter-output>
        </test-method> <!-- openApp -->
        <test-method signature="verifyUrl()[pri:1, instance:com.SwagLabsUITest.TestCases.Tc1_LoginTest@70e9c95d]" started-at="2026-02-13T12:19:01 IST" name="verifyUrl" finished-at="2026-02-13T12:19:01 IST" duration-ms="102" status="PASS">
          <reporter-output>
          </reporter-output>
        </test-method> <!-- verifyUrl -->
        <test-method is-config="true" signature="captureOnFail(org.testng.ITestResult)[pri:0, instance:com.SwagLabsUITest.TestCases.Tc1_LoginTest@70e9c95d]" started-at="2026-02-13T12:19:01 IST" name="captureOnFail" finished-at="2026-02-13T12:19:01 IST" duration-ms="16" status="PASS">
          <params>
            <param index="0">
              <value>
                <![CDATA[[TestResult name=verifyUrl status=SUCCESS method=Tc1_LoginTest.verifyUrl()[pri:1, instance:com.SwagLabsUITest.TestCases.Tc1_LoginTest@70e9c95d] output={null}]]]>
              </value>
            </param>
          </params>
          <reporter-output>
          </reporter-output>
        </test-method> <!-- captureOnFail -->
        <test-method is-config="true" signature="openApp()[pri:0, instance:com.SwagLabsUITest.TestCases.Tc1_LoginTest@70e9c95d]" started-at="2026-02-13T12:19:01 IST" name="openApp" finished-at="2026-02-13T12:19:01 IST" duration-ms="0" status="PASS">
          <reporter-output>
          </reporter-output>
        </test-method> <!-- openApp -->
        <test-method signature="verifyTitle()[pri:2, instance:com.SwagLabsUITest.TestCases.Tc1_LoginTest@70e9c95d]" started-at="2026-02-13T12:19:01 IST" name="verifyTitle" finished-at="2026-02-13T12:19:01 IST" duration-ms="14" status="PASS">
          <reporter-output>
          </reporter-output>
        </test-method> <!-- verifyTitle -->
        <test-method is-config="true" signature="captureOnFail(org.testng.ITestResult)[pri:0, instance:com.SwagLabsUITest.TestCases.Tc1_LoginTest@70e9c95d]" started-at="2026-02-13T12:19:01 IST" name="captureOnFail" finished-at="2026-02-13T12:19:01 IST" duration-ms="13" status="PASS">
          <params>
            <param index="0">
              <value>
                <![CDATA[[TestResult name=verifyTitle status=SUCCESS method=Tc1_LoginTest.verifyTitle()[pri:2, instance:com.SwagLabsUITest.TestCases.Tc1_LoginTest@70e9c95d] output={null}]]]>
              </value>
            </param>
          </params>
          <reporter-output>
          </reporter-output>
        </test-method> <!-- captureOnFail -->
        <test-method is-config="true" signature="openApp()[pri:0, instance:com.SwagLabsUITest.TestCases.Tc1_LoginTest@70e9c95d]" started-at="2026-02-13T12:19:01 IST" name="openApp" finished-at="2026-02-13T12:19:01 IST" duration-ms="0" status="PASS">
          <reporter-output>
          </reporter-output>
        </test-method> <!-- openApp -->
        <test-method signature="verifyLogin(java.lang.String,java.lang.String,java.lang.String)[pri:3, instance:com.SwagLabsUITest.TestCases.Tc1_LoginTest@70e9c95d]" started-at="2026-02-13T12:19:01 IST" name="verifyLogin" data-provider="loginData" finished-at="2026-02-13T12:19:01 IST" duration-ms="691" status="PASS">
          <params>
            <param index="0">
              <value>
                <![CDATA[anand]]>
              </value>
            </param>
            <param index="1">
              <value>
                <![CDATA[secret_sauce]]>
              </value>
            </param>
            <param index="2">
              <value>
                <![CDATA[invalid]]>
              </value>
            </param>
          </params>
          <reporter-output>
          </reporter-output>
        </test-method> <!-- verifyLogin -->
        <test-method is-config="true" signature="captureOnFail(org.testng.ITestResult)[pri:0, instance:com.SwagLabsUITest.TestCases.Tc1_LoginTest@70e9c95d]" started-at="2026-02-13T12:19:01 IST" name="captureOnFail" finished-at="2026-02-13T12:19:01 IST" duration-ms="1" status="PASS">
          <params>
            <param index="0">
              <value>
                <![CDATA[[TestResult name=verifyLogin status=SUCCESS method=Tc1_LoginTest.verifyLogin(java.lang.String,java.lang.String,java.lang.String)[pri:3, instance:com.SwagLabsUITest.TestCases.Tc1_LoginTest@70e9c95d] output={null}]]]>
              </value>
            </param>
          </params>
          <reporter-output>
          </reporter-output>
        </test-method> <!-- captureOnFail -->
        <test-method is-config="true" signature="openApp()[pri:0, instance:com.SwagLabsUITest.TestCases.Tc1_LoginTest@70e9c95d]" started-at="2026-02-13T12:19:01 IST" name="openApp" finished-at="2026-02-13T12:19:01 IST" duration-ms="0" status="PASS">
          <reporter-output>
          </reporter-output>
        </test-method> <!-- openApp -->
        <test-method signature="verifyLogin(java.lang.String,java.lang.String,java.lang.String)[pri:3, instance:com.SwagLabsUITest.TestCases.Tc1_LoginTest@70e9c95d]" started-at="2026-02-13T12:19:01 IST" name="verifyLogin" data-provider="loginData" finished-at="2026-02-13T12:19:02 IST" duration-ms="731" status="PASS">
          <params>
            <param index="0">
              <value>
                <![CDATA[standard_user]]>
              </value>
            </param>
            <param index="1">
              <value>
                <![CDATA[wrong]]>
              </value>
            </param>
            <param index="2">
              <value>
                <![CDATA[invalid]]>
              </value>
            </param>
          </params>
          <reporter-output>
          </reporter-output>
        </test-method> <!-- verifyLogin -->
        <test-method is-config="true" signature="captureOnFail(org.testng.ITestResult)[pri:0, instance:com.SwagLabsUITest.TestCases.Tc1_LoginTest@70e9c95d]" started-at="2026-02-13T12:19:02 IST" name="captureOnFail" finished-at="2026-02-13T12:19:02 IST" duration-ms="2" status="PASS">
          <params>
            <param index="0">
              <value>
                <![CDATA[[TestResult name=verifyLogin status=SUCCESS method=Tc1_LoginTest.verifyLogin(java.lang.String,java.lang.String,java.lang.String)[pri:3, instance:com.SwagLabsUITest.TestCases.Tc1_LoginTest@70e9c95d] output={null}]]]>
              </value>
            </param>
          </params>
          <reporter-output>
          </reporter-output>
        </test-method> <!-- captureOnFail -->
        <test-method is-config="true" signature="openApp()[pri:0, instance:com.SwagLabsUITest.TestCases.Tc1_LoginTest@70e9c95d]" started-at="2026-02-13T12:19:02 IST" name="openApp" finished-at="2026-02-13T12:19:02 IST" duration-ms="1" status="PASS">
          <reporter-output>
          </reporter-output>
        </test-method> <!-- openApp -->
        <test-method signature="verifyLogin(java.lang.String,java.lang.String,java.lang.String)[pri:3, instance:com.SwagLabsUITest.TestCases.Tc1_LoginTest@70e9c95d]" started-at="2026-02-13T12:19:02 IST" name="verifyLogin" data-provider="loginData" finished-at="2026-02-13T12:19:03 IST" duration-ms="639" status="PASS">
          <params>
            <param index="0">
              <value>
                <![CDATA[]]>
              </value>
            </param>
            <param index="1">
              <value>
                <![CDATA[]]>
              </value>
            </param>
            <param index="2">
              <value>
                <![CDATA[invalid]]>
              </value>
            </param>
          </params>
          <reporter-output>
          </reporter-output>
        </test-method> <!-- verifyLogin -->
        <test-method is-config="true" signature="captureOnFail(org.testng.ITestResult)[pri:0, instance:com.SwagLabsUITest.TestCases.Tc1_LoginTest@70e9c95d]" started-at="2026-02-13T12:19:03 IST" name="captureOnFail" finished-at="2026-02-13T12:19:03 IST" duration-ms="0" status="PASS">
          <params>
            <param index="0">
              <value>
                <![CDATA[[TestResult name=verifyLogin status=SUCCESS method=Tc1_LoginTest.verifyLogin(java.lang.String,java.lang.String,java.lang.String)[pri:3, instance:com.SwagLabsUITest.TestCases.Tc1_LoginTest@70e9c95d] output={null}]]]>
              </value>
            </param>
          </params>
          <reporter-output>
          </reporter-output>
        </test-method> <!-- captureOnFail -->
        <test-method is-config="true" signature="openApp()[pri:0, instance:com.SwagLabsUITest.TestCases.Tc1_LoginTest@70e9c95d]" started-at="2026-02-13T12:19:03 IST" name="openApp" finished-at="2026-02-13T12:19:03 IST" duration-ms="1" status="PASS">
          <reporter-output>
          </reporter-output>
        </test-method> <!-- openApp -->
        <test-method signature="verifyLogin(java.lang.String,java.lang.String,java.lang.String)[pri:3, instance:com.SwagLabsUITest.TestCases.Tc1_LoginTest@70e9c95d]" started-at="2026-02-13T12:19:03 IST" name="verifyLogin" data-provider="loginData" finished-at="2026-02-13T12:19:04 IST" duration-ms="928" status="PASS">
          <params>
            <param index="0">
              <value>
                <![CDATA[standard_user]]>
              </value>
            </param>
            <param index="1">
              <value>
                <![CDATA[secret_sauce]]>
              </value>
            </param>
            <param index="2">
              <value>
                <![CDATA[valid]]>
              </value>
            </param>
          </params>
          <reporter-output>
          </reporter-output>
        </test-method> <!-- verifyLogin -->
        <test-method is-config="true" signature="captureOnFail(org.testng.ITestResult)[pri:0, instance:com.SwagLabsUITest.TestCases.Tc1_LoginTest@70e9c95d]" started-at="2026-02-13T12:19:04 IST" name="captureOnFail" finished-at="2026-02-13T12:19:04 IST" duration-ms="1" status="PASS">
          <params>
            <param index="0">
              <value>
                <![CDATA[[TestResult name=verifyLogin status=SUCCESS method=Tc1_LoginTest.verifyLogin(java.lang.String,java.lang.String,java.lang.String)[pri:3, instance:com.SwagLabsUITest.TestCases.Tc1_LoginTest@70e9c95d] output={null}]]]>
              </value>
            </param>
          </params>
          <reporter-output>
          </reporter-output>
        </test-method> <!-- captureOnFail -->
        <test-method is-config="true" signature="afterSuite()[pri:0, instance:com.SwagLabsUITest.TestCases.Tc1_LoginTest@70e9c95d]" started-at="2026-02-13T12:19:04 IST" name="afterSuite" finished-at="2026-02-13T12:19:04 IST" duration-ms="193" status="PASS">
          <reporter-output>
          </reporter-output>
        </test-method> <!-- afterSuite -->
      </class> <!-- com.SwagLabsUITest.TestCases.Tc1_LoginTest -->
      <class name="com.SwagLabsUITest.TestCases.Tc2_InventoryTest">
        <test-method is-config="true" signature="setup()[pri:0, instance:com.SwagLabsUITest.TestCases.Tc2_InventoryTest@4a883b15]" started-at="2026-02-13T12:19:04 IST" name="setup" finished-at="2026-02-13T12:19:04 IST" duration-ms="0" status="PASS">
          <reporter-output>
          </reporter-output>
        </test-method> <!-- setup -->
        <test-method is-config="true" signature="setupInventory()[pri:0, instance:com.SwagLabsUITest.TestCases.Tc2_InventoryTest@4a883b15]" started-at="2026-02-13T12:19:04 IST" name="setupInventory" finished-at="2026-02-13T12:19:04 IST" duration-ms="0" status="PASS">
          <reporter-output>
          </reporter-output>
        </test-method> <!-- setupInventory -->
        <test-method is-config="true" signature="openApp()[pri:0, instance:com.SwagLabsUITest.TestCases.Tc2_InventoryTest@4a883b15]" started-at="2026-02-13T12:19:04 IST" name="openApp" finished-at="2026-02-13T12:19:04 IST" duration-ms="1" status="PASS">
          <reporter-output>
          </reporter-output>
        </test-method> <!-- openApp -->
        <test-method signature="printProductDetails()[pri:0, instance:com.SwagLabsUITest.TestCases.Tc2_InventoryTest@4a883b15]" started-at="2026-02-13T12:19:04 IST" name="printProductDetails" finished-at="2026-02-13T12:19:04 IST" duration-ms="235" status="PASS">
          <reporter-output>
          </reporter-output>
        </test-method> <!-- printProductDetails -->
        <test-method is-config="true" signature="captureOnFail(org.testng.ITestResult)[pri:0, instance:com.SwagLabsUITest.TestCases.Tc2_InventoryTest@4a883b15]" started-at="2026-02-13T12:19:04 IST" name="captureOnFail" finished-at="2026-02-13T12:19:04 IST" duration-ms="0" status="PASS">
          <params>
            <param index="0">
              <value>
                <![CDATA[[TestResult name=printProductDetails status=SUCCESS method=Tc2_InventoryTest.printProductDetails()[pri:0, instance:com.SwagLabsUITest.TestCases.Tc2_InventoryTest@4a883b15] output={null}]]]>
              </value>
            </param>
          </params>
          <reporter-output>
          </reporter-output>
        </test-method> <!-- captureOnFail -->
        <test-method is-config="true" signature="openApp()[pri:0, instance:com.SwagLabsUITest.TestCases.Tc2_InventoryTest@4a883b15]" started-at="2026-02-13T12:19:04 IST" name="openApp" finished-at="2026-02-13T12:19:04 IST" duration-ms="2" status="PASS">
          <reporter-output>
          </reporter-output>
        </test-method> <!-- openApp -->
        <test-method signature="verifyProductCount()[pri:1, instance:com.SwagLabsUITest.TestCases.Tc2_InventoryTest@4a883b15]" started-at="2026-02-13T12:19:04 IST" name="verifyProductCount" finished-at="2026-02-13T12:19:04 IST" duration-ms="28" status="PASS">
          <reporter-output>
          </reporter-output>
        </test-method> <!-- verifyProductCount -->
        <test-method is-config="true" signature="captureOnFail(org.testng.ITestResult)[pri:0, instance:com.SwagLabsUITest.TestCases.Tc2_InventoryTest@4a883b15]" started-at="2026-02-13T12:19:04 IST" name="captureOnFail" finished-at="2026-02-13T12:19:04 IST" duration-ms="0" status="PASS">
          <params>
            <param index="0">
              <value>
                <![CDATA[[TestResult name=verifyProductCount status=SUCCESS method=Tc2_InventoryTest.verifyProductCount()[pri:1, instance:com.SwagLabsUITest.TestCases.Tc2_InventoryTest@4a883b15] output={null}]]]>
              </value>
            </param>
          </params>
          <reporter-output>
          </reporter-output>
        </test-method> <!-- captureOnFail -->
      </class> <!-- com.SwagLabsUITest.TestCases.Tc2_InventoryTest -->
    </test> <!-- Surefire test -->
  </suite> <!-- Surefire suite -->
</testng-results>
