<?xml version="1.0" encoding="UTF-8"?>
<testng-results ignored="0" total="13" passed="13" failed="0" skipped="0">
  <reporter-output>
  </reporter-output>
  <suite started-at="2026-02-18T10:40:16 IST" name="Suite" finished-at="2026-02-18T10:40:20 IST" duration-ms="4552">
    <groups>
    </groups>
    <test started-at="2026-02-18T10:40:16 IST" name="SwagLabs Tests" finished-at="2026-02-18T10:40:20 IST" duration-ms="4552">
      <class name="com.SwagLabsUITest.TestCases.Tc1_LoginTest">
        <test-method is-config="true" signature="beforeSuite()[pri:0, instance:com.SwagLabsUITest.TestCases.Tc1_LoginTest@47f4e407]" started-at="2026-02-18T10:40:14 IST" name="beforeSuite" finished-at="2026-02-18T10:40:16 IST" duration-ms="1723" status="PASS">
          <reporter-output>
          </reporter-output>
        </test-method> <!-- beforeSuite -->
        <test-method is-config="true" signature="setupInventory()[pri:0, instance:com.SwagLabsUITest.TestCases.Tc1_LoginTest@47f4e407]" started-at="2026-02-18T10:40:16 IST" name="setupInventory" finished-at="2026-02-18T10:40:16 IST" duration-ms="17" status="PASS">
          <reporter-output>
          </reporter-output>
        </test-method> <!-- setupInventory -->
        <test-method is-config="true" signature="setup()[pri:0, instance:com.SwagLabsUITest.TestCases.Tc1_LoginTest@47f4e407]" started-at="2026-02-18T10:40:16 IST" name="setup" finished-at="2026-02-18T10:40:16 IST" duration-ms="0" status="PASS">
          <reporter-output>
          </reporter-output>
        </test-method> <!-- setup -->
        <test-method is-config="true" signature="openApp()[pri:0, instance:com.SwagLabsUITest.TestCases.Tc1_LoginTest@47f4e407]" started-at="2026-02-18T10:40:16 IST" name="openApp" finished-at="2026-02-18T10:40:16 IST" duration-ms="0" status="PASS">
          <reporter-output>
          </reporter-output>
        </test-method> <!-- openApp -->
        <test-method signature="verifyUrl()[pri:1, instance:com.SwagLabsUITest.TestCases.Tc1_LoginTest@47f4e407]" started-at="2026-02-18T10:40:16 IST" name="verifyUrl" finished-at="2026-02-18T10:40:16 IST" duration-ms="100" status="PASS">
          <reporter-output>
          </reporter-output>
        </test-method> <!-- verifyUrl -->
        <test-method is-config="true" signature="captureOnFail(org.testng.ITestResult)[pri:0, instance:com.SwagLabsUITest.TestCases.Tc1_LoginTest@47f4e407]" started-at="2026-02-18T10:40:16 IST" name="captureOnFail" finished-at="2026-02-18T10:40:16 IST" duration-ms="5" status="PASS">
          <params>
            <param index="0">
              <value>
                <![CDATA[[TestResult name=verifyUrl status=SUCCESS method=Tc1_LoginTest.verifyUrl()[pri:1, instance:com.SwagLabsUITest.TestCases.Tc1_LoginTest@47f4e407] output={null}]]]>
              </value>
            </param>
          </params>
          <reporter-output>
          </reporter-output>
        </test-method> <!-- captureOnFail -->
        <test-method is-config="true" signature="openApp()[pri:0, instance:com.SwagLabsUITest.TestCases.Tc1_LoginTest@47f4e407]" started-at="2026-02-18T10:40:16 IST" name="openApp" finished-at="2026-02-18T10:40:16 IST" duration-ms="1" status="PASS">
          <reporter-output>
          </reporter-output>
        </test-method> <!-- openApp -->
        <test-method signature="VerifyTitle()[pri:2, instance:com.SwagLabsUITest.TestCases.Tc1_LoginTest@47f4e407]" started-at="2026-02-18T10:40:16 IST" name="VerifyTitle" finished-at="2026-02-18T10:40:16 IST" duration-ms="24" status="PASS">
          <reporter-output>
          </reporter-output>
        </test-method> <!-- VerifyTitle -->
        <test-method is-config="true" signature="captureOnFail(org.testng.ITestResult)[pri:0, instance:com.SwagLabsUITest.TestCases.Tc1_LoginTest@47f4e407]" started-at="2026-02-18T10:40:16 IST" name="captureOnFail" finished-at="2026-02-18T10:40:16 IST" duration-ms="1" status="PASS">
          <params>
            <param index="0">
              <value>
                <![CDATA[[TestResult name=VerifyTitle status=SUCCESS method=Tc1_LoginTest.VerifyTitle()[pri:2, instance:com.SwagLabsUITest.TestCases.Tc1_LoginTest@47f4e407] output={null}]]]>
              </value>
            </param>
          </params>
          <reporter-output>
          </reporter-output>
        </test-method> <!-- captureOnFail -->
        <test-method is-config="true" signature="openApp()[pri:0, instance:com.SwagLabsUITest.TestCases.Tc1_LoginTest@47f4e407]" started-at="2026-02-18T10:40:16 IST" name="openApp" finished-at="2026-02-18T10:40:16 IST" duration-ms="1" status="PASS">
          <reporter-output>
          </reporter-output>
        </test-method> <!-- openApp -->
        <test-method signature="VerifyLogin(java.lang.String,java.lang.String,java.lang.String)[pri:3, instance:com.SwagLabsUITest.TestCases.Tc1_LoginTest@47f4e407]" started-at="2026-02-18T10:40:16 IST" name="VerifyLogin" data-provider="loginData" finished-at="2026-02-18T10:40:17 IST" duration-ms="372" status="PASS">
          <params>
            <param index="0">
              <value>
                <![CDATA[anand]]>
              </value>
            </param>
            <param index="1">
              <value>
                <![CDATA[secret_sauce]]>
              </value>
            </param>
            <param index="2">
              <value>
                <![CDATA[invalid]]>
              </value>
            </param>
          </params>
          <reporter-output>
          </reporter-output>
        </test-method> <!-- VerifyLogin -->
        <test-method is-config="true" signature="captureOnFail(org.testng.ITestResult)[pri:0, instance:com.SwagLabsUITest.TestCases.Tc1_LoginTest@47f4e407]" started-at="2026-02-18T10:40:17 IST" name="captureOnFail" finished-at="2026-02-18T10:40:17 IST" duration-ms="1" status="PASS">
          <params>
            <param index="0">
              <value>
                <![CDATA[[TestResult name=VerifyLogin status=SUCCESS method=Tc1_LoginTest.VerifyLogin(java.lang.String,java.lang.String,java.lang.String)[pri:3, instance:com.SwagLabsUITest.TestCases.Tc1_LoginTest@47f4e407] output={null}]]]>
              </value>
            </param>
          </params>
          <reporter-output>
          </reporter-output>
        </test-method> <!-- captureOnFail -->
        <test-method is-config="true" signature="openApp()[pri:0, instance:com.SwagLabsUITest.TestCases.Tc1_LoginTest@47f4e407]" started-at="2026-02-18T10:40:17 IST" name="openApp" finished-at="2026-02-18T10:40:17 IST" duration-ms="1" status="PASS">
          <reporter-output>
          </reporter-output>
        </test-method> <!-- openApp -->
        <test-method signature="VerifyLogin(java.lang.String,java.lang.String,java.lang.String)[pri:3, instance:com.SwagLabsUITest.TestCases.Tc1_LoginTest@47f4e407]" started-at="2026-02-18T10:40:17 IST" name="VerifyLogin" data-provider="loginData" finished-at="2026-02-18T10:40:17 IST" duration-ms="327" status="PASS">
          <params>
            <param index="0">
              <value>
                <![CDATA[standard_user]]>
              </value>
            </param>
            <param index="1">
              <value>
                <![CDATA[wrong]]>
              </value>
            </param>
            <param index="2">
              <value>
                <![CDATA[invalid]]>
              </value>
            </param>
          </params>
          <reporter-output>
          </reporter-output>
        </test-method> <!-- VerifyLogin -->
        <test-method is-config="true" signature="captureOnFail(org.testng.ITestResult)[pri:0, instance:com.SwagLabsUITest.TestCases.Tc1_LoginTest@47f4e407]" started-at="2026-02-18T10:40:17 IST" name="captureOnFail" finished-at="2026-02-18T10:40:17 IST" duration-ms="0" status="PASS">
          <params>
            <param index="0">
              <value>
                <![CDATA[[TestResult name=VerifyLogin status=SUCCESS method=Tc1_LoginTest.VerifyLogin(java.lang.String,java.lang.String,java.lang.String)[pri:3, instance:com.SwagLabsUITest.TestCases.Tc1_LoginTest@47f4e407] output={null}]]]>
              </value>
            </param>
          </params>
          <reporter-output>
          </reporter-output>
        </test-method> <!-- captureOnFail -->
        <test-method is-config="true" signature="openApp()[pri:0, instance:com.SwagLabsUITest.TestCases.Tc1_LoginTest@47f4e407]" started-at="2026-02-18T10:40:17 IST" name="openApp" finished-at="2026-02-18T10:40:17 IST" duration-ms="2" status="PASS">
          <reporter-output>
          </reporter-output>
        </test-method> <!-- openApp -->
        <test-method signature="VerifyLogin(java.lang.String,java.lang.String,java.lang.String)[pri:3, instance:com.SwagLabsUITest.TestCases.Tc1_LoginTest@47f4e407]" started-at="2026-02-18T10:40:17 IST" name="VerifyLogin" data-provider="loginData" finished-at="2026-02-18T10:40:18 IST" duration-ms="288" status="PASS">
          <params>
            <param index="0">
              <value>
                <![CDATA[]]>
              </value>
            </param>
            <param index="1">
              <value>
                <![CDATA[]]>
              </value>
            </param>
            <param index="2">
              <value>
                <![CDATA[invalid]]>
              </value>
            </param>
          </params>
          <reporter-output>
          </reporter-output>
        </test-method> <!-- VerifyLogin -->
        <test-method is-config="true" signature="captureOnFail(org.testng.ITestResult)[pri:0, instance:com.SwagLabsUITest.TestCases.Tc1_LoginTest@47f4e407]" started-at="2026-02-18T10:40:18 IST" name="captureOnFail" finished-at="2026-02-18T10:40:18 IST" duration-ms="1" status="PASS">
          <params>
            <param index="0">
              <value>
                <![CDATA[[TestResult name=VerifyLogin status=SUCCESS method=Tc1_LoginTest.VerifyLogin(java.lang.String,java.lang.String,java.lang.String)[pri:3, instance:com.SwagLabsUITest.TestCases.Tc1_LoginTest@47f4e407] output={null}]]]>
              </value>
            </param>
          </params>
          <reporter-output>
          </reporter-output>
        </test-method> <!-- captureOnFail -->
        <test-method is-config="true" signature="openApp()[pri:0, instance:com.SwagLabsUITest.TestCases.Tc1_LoginTest@47f4e407]" started-at="2026-02-18T10:40:18 IST" name="openApp" finished-at="2026-02-18T10:40:18 IST" duration-ms="2" status="PASS">
          <reporter-output>
          </reporter-output>
        </test-method> <!-- openApp -->
        <test-method signature="VerifyLogin(java.lang.String,java.lang.String,java.lang.String)[pri:3, instance:com.SwagLabsUITest.TestCases.Tc1_LoginTest@47f4e407]" started-at="2026-02-18T10:40:18 IST" name="VerifyLogin" data-provider="loginData" finished-at="2026-02-18T10:40:18 IST" duration-ms="346" status="PASS">
          <params>
            <param index="0">
              <value>
                <![CDATA[standard_user]]>
              </value>
            </param>
            <param index="1">
              <value>
                <![CDATA[secret_sauce]]>
              </value>
            </param>
            <param index="2">
              <value>
                <![CDATA[valid]]>
              </value>
            </param>
          </params>
          <reporter-output>
          </reporter-output>
        </test-method> <!-- VerifyLogin -->
        <test-method is-config="true" signature="captureOnFail(org.testng.ITestResult)[pri:0, instance:com.SwagLabsUITest.TestCases.Tc1_LoginTest@47f4e407]" started-at="2026-02-18T10:40:18 IST" name="captureOnFail" finished-at="2026-02-18T10:40:18 IST" duration-ms="15" status="PASS">
          <params>
            <param index="0">
              <value>
                <![CDATA[[TestResult name=VerifyLogin status=SUCCESS method=Tc1_LoginTest.VerifyLogin(java.lang.String,java.lang.String,java.lang.String)[pri:3, instance:com.SwagLabsUITest.TestCases.Tc1_LoginTest@47f4e407] output={null}]]]>
              </value>
            </param>
          </params>
          <reporter-output>
          </reporter-output>
        </test-method> <!-- captureOnFail -->
        <test-method is-config="true" signature="afterSuite()[pri:0, instance:com.SwagLabsUITest.TestCases.Tc1_LoginTest@47f4e407]" started-at="2026-02-18T10:40:21 IST" name="afterSuite" finished-at="2026-02-18T10:40:21 IST" duration-ms="141" status="PASS">
          <reporter-output>
          </reporter-output>
        </test-method> <!-- afterSuite -->
      </class> <!-- com.SwagLabsUITest.TestCases.Tc1_LoginTest -->
      <class name="com.SwagLabsUITest.TestCases.Tc2_InventoryTest">
        <test-method is-config="true" signature="setup()[pri:0, instance:com.SwagLabsUITest.TestCases.Tc2_InventoryTest@674bd420]" started-at="2026-02-18T10:40:18 IST" name="setup" finished-at="2026-02-18T10:40:18 IST" duration-ms="14" status="PASS">
          <reporter-output>
          </reporter-output>
        </test-method> <!-- setup -->
        <test-method is-config="true" signature="setupInventory()[pri:0, instance:com.SwagLabsUITest.TestCases.Tc2_InventoryTest@674bd420]" started-at="2026-02-18T10:40:18 IST" name="setupInventory" finished-at="2026-02-18T10:40:18 IST" duration-ms="1" status="PASS">
          <reporter-output>
          </reporter-output>
        </test-method> <!-- setupInventory -->
        <test-method is-config="true" signature="openApp()[pri:0, instance:com.SwagLabsUITest.TestCases.Tc2_InventoryTest@674bd420]" started-at="2026-02-18T10:40:18 IST" name="openApp" finished-at="2026-02-18T10:40:18 IST" duration-ms="1" status="PASS">
          <reporter-output>
          </reporter-output>
        </test-method> <!-- openApp -->
        <test-method signature="verifyProductCount()[pri:1, instance:com.SwagLabsUITest.TestCases.Tc2_InventoryTest@674bd420]" started-at="2026-02-18T10:40:18 IST" name="verifyProductCount" finished-at="2026-02-18T10:40:18 IST" duration-ms="24" status="PASS">
          <reporter-output>
          </reporter-output>
        </test-method> <!-- verifyProductCount -->
        <test-method signature="verifyBikeLightProductName()[pri:2, instance:com.SwagLabsUITest.TestCases.Tc2_InventoryTest@674bd420]" started-at="2026-02-18T10:40:19 IST" name="verifyBikeLightProductName" finished-at="2026-02-18T10:40:19 IST" duration-ms="49" status="PASS">
          <reporter-output>
          </reporter-output>
        </test-method> <!-- verifyBikeLightProductName -->
        <test-method is-config="true" signature="openApp()[pri:0, instance:com.SwagLabsUITest.TestCases.Tc2_InventoryTest@674bd420]" started-at="2026-02-18T10:40:19 IST" name="openApp" finished-at="2026-02-18T10:40:19 IST" duration-ms="0" status="PASS">
          <reporter-output>
          </reporter-output>
        </test-method> <!-- openApp -->
        <test-method is-config="true" signature="captureOnFail(org.testng.ITestResult)[pri:0, instance:com.SwagLabsUITest.TestCases.Tc2_InventoryTest@674bd420]" started-at="2026-02-18T10:40:19 IST" name="captureOnFail" finished-at="2026-02-18T10:40:19 IST" duration-ms="0" status="PASS">
          <params>
            <param index="0">
              <value>
                <![CDATA[[TestResult name=verifyProductCount status=SUCCESS method=Tc2_InventoryTest.verifyProductCount()[pri:1, instance:com.SwagLabsUITest.TestCases.Tc2_InventoryTest@674bd420] output={null}]]]>
              </value>
            </param>
          </params>
          <reporter-output>
          </reporter-output>
        </test-method> <!-- captureOnFail -->
        <test-method is-config="true" signature="captureOnFail(org.testng.ITestResult)[pri:0, instance:com.SwagLabsUITest.TestCases.Tc2_InventoryTest@674bd420]" started-at="2026-02-18T10:40:19 IST" name="captureOnFail" finished-at="2026-02-18T10:40:19 IST" duration-ms="0" status="PASS">
          <params>
            <param index="0">
              <value>
                <![CDATA[[TestResult name=verifyBikeLightProductName status=SUCCESS method=Tc2_InventoryTest.verifyBikeLightProductName()[pri:2, instance:com.SwagLabsUITest.TestCases.Tc2_InventoryTest@674bd420] output={null}]]]>
              </value>
            </param>
          </params>
          <reporter-output>
          </reporter-output>
        </test-method> <!-- captureOnFail -->
        <test-method signature="verifyAllProductNames()[pri:4, instance:com.SwagLabsUITest.TestCases.Tc2_InventoryTest@674bd420]" started-at="2026-02-18T10:40:19 IST" name="verifyAllProductNames" finished-at="2026-02-18T10:40:19 IST" duration-ms="111" status="PASS">
          <reporter-output>
          </reporter-output>
        </test-method> <!-- verifyAllProductNames -->
        <test-method is-config="true" signature="openApp()[pri:0, instance:com.SwagLabsUITest.TestCases.Tc2_InventoryTest@674bd420]" started-at="2026-02-18T10:40:19 IST" name="openApp" finished-at="2026-02-18T10:40:19 IST" duration-ms="0" status="PASS">
          <reporter-output>
          </reporter-output>
        </test-method> <!-- openApp -->
        <test-method signature="verifyBikeLightProductIsDisplayed()[pri:6, instance:com.SwagLabsUITest.TestCases.Tc2_InventoryTest@674bd420]" started-at="2026-02-18T10:40:19 IST" name="verifyBikeLightProductIsDisplayed" finished-at="2026-02-18T10:40:19 IST" duration-ms="32" status="PASS">
          <reporter-output>
          </reporter-output>
        </test-method> <!-- verifyBikeLightProductIsDisplayed -->
        <test-method is-config="true" signature="openApp()[pri:0, instance:com.SwagLabsUITest.TestCases.Tc2_InventoryTest@674bd420]" started-at="2026-02-18T10:40:19 IST" name="openApp" finished-at="2026-02-18T10:40:19 IST" duration-ms="0" status="PASS">
          <reporter-output>
          </reporter-output>
        </test-method> <!-- openApp -->
        <test-method is-config="true" signature="captureOnFail(org.testng.ITestResult)[pri:0, instance:com.SwagLabsUITest.TestCases.Tc2_InventoryTest@674bd420]" started-at="2026-02-18T10:40:19 IST" name="captureOnFail" finished-at="2026-02-18T10:40:19 IST" duration-ms="0" status="PASS">
          <params>
            <param index="0">
              <value>
                <![CDATA[[TestResult name=verifyAllProductNames status=SUCCESS method=Tc2_InventoryTest.verifyAllProductNames()[pri:4, instance:com.SwagLabsUITest.TestCases.Tc2_InventoryTest@674bd420] output={null}]]]>
              </value>
            </param>
          </params>
          <reporter-output>
          </reporter-output>
        </test-method> <!-- captureOnFail -->
        <test-method is-config="true" signature="captureOnFail(org.testng.ITestResult)[pri:0, instance:com.SwagLabsUITest.TestCases.Tc2_InventoryTest@674bd420]" started-at="2026-02-18T10:40:19 IST" name="captureOnFail" finished-at="2026-02-18T10:40:19 IST" duration-ms="1" status="PASS">
          <params>
            <param index="0">
              <value>
                <![CDATA[[TestResult name=verifyBikeLightProductIsDisplayed status=SUCCESS method=Tc2_InventoryTest.verifyBikeLightProductIsDisplayed()[pri:6, instance:com.SwagLabsUITest.TestCases.Tc2_InventoryTest@674bd420] output={null}]]]>
              </value>
            </param>
          </params>
          <reporter-output>
          </reporter-output>
        </test-method> <!-- captureOnFail -->
        <test-method is-config="true" signature="openApp()[pri:0, instance:com.SwagLabsUITest.TestCases.Tc2_InventoryTest@674bd420]" started-at="2026-02-18T10:40:19 IST" name="openApp" finished-at="2026-02-18T10:40:19 IST" duration-ms="0" status="PASS">
          <reporter-output>
          </reporter-output>
        </test-method> <!-- openApp -->
        <test-method signature="verifyAllProductsAreDisplayed()[pri:7, instance:com.SwagLabsUITest.TestCases.Tc2_InventoryTest@674bd420]" started-at="2026-02-18T10:40:19 IST" name="verifyAllProductsAreDisplayed" finished-at="2026-02-18T10:40:19 IST" duration-ms="108" status="PASS">
          <reporter-output>
          </reporter-output>
        </test-method> <!-- verifyAllProductsAreDisplayed -->
        <test-method is-config="true" signature="openApp()[pri:0, instance:com.SwagLabsUITest.TestCases.Tc2_InventoryTest@674bd420]" started-at="2026-02-18T10:40:20 IST" name="openApp" finished-at="2026-02-18T10:40:20 IST" duration-ms="0" status="PASS">
          <reporter-output>
          </reporter-output>
        </test-method> <!-- openApp -->
        <test-method is-config="true" signature="captureOnFail(org.testng.ITestResult)[pri:0, instance:com.SwagLabsUITest.TestCases.Tc2_InventoryTest@674bd420]" started-at="2026-02-18T10:40:20 IST" name="captureOnFail" finished-at="2026-02-18T10:40:20 IST" duration-ms="0" status="PASS">
          <params>
            <param index="0">
              <value>
                <![CDATA[[TestResult name=verifyAllProductsAreDisplayed status=SUCCESS method=Tc2_InventoryTest.verifyAllProductsAreDisplayed()[pri:7, instance:com.SwagLabsUITest.TestCases.Tc2_InventoryTest@674bd420] output={null}]]]>
              </value>
            </param>
          </params>
          <reporter-output>
          </reporter-output>
        </test-method> <!-- captureOnFail -->
        <test-method signature="verifyFirstProductNameIsNotEmpty()[pri:8, instance:com.SwagLabsUITest.TestCases.Tc2_InventoryTest@674bd420]" started-at="2026-02-18T10:40:20 IST" name="verifyFirstProductNameIsNotEmpty" finished-at="2026-02-18T10:40:20 IST" duration-ms="339" status="PASS">
          <reporter-output>
          </reporter-output>
        </test-method> <!-- verifyFirstProductNameIsNotEmpty -->
        <test-method is-config="true" signature="captureOnFail(org.testng.ITestResult)[pri:0, instance:com.SwagLabsUITest.TestCases.Tc2_InventoryTest@674bd420]" started-at="2026-02-18T10:40:20 IST" name="captureOnFail" finished-at="2026-02-18T10:40:20 IST" duration-ms="1" status="PASS">
          <params>
            <param index="0">
              <value>
                <![CDATA[[TestResult name=verifyFirstProductNameIsNotEmpty status=SUCCESS method=Tc2_InventoryTest.verifyFirstProductNameIsNotEmpty()[pri:8, instance:com.SwagLabsUITest.TestCases.Tc2_InventoryTest@674bd420] output={null}]]]>
              </value>
            </param>
          </params>
          <reporter-output>
          </reporter-output>
        </test-method> <!-- captureOnFail -->
        <test-method is-config="true" signature="openApp()[pri:0, instance:com.SwagLabsUITest.TestCases.Tc2_InventoryTest@674bd420]" started-at="2026-02-18T10:40:20 IST" name="openApp" finished-at="2026-02-18T10:40:20 IST" duration-ms="1" status="PASS">
          <reporter-output>
          </reporter-output>
        </test-method> <!-- openApp -->
        <test-method signature="verifyProductCountMatchesProductNameList()[pri:9, instance:com.SwagLabsUITest.TestCases.Tc2_InventoryTest@674bd420]" started-at="2026-02-18T10:40:20 IST" name="verifyProductCountMatchesProductNameList" finished-at="2026-02-18T10:40:20 IST" duration-ms="31" status="PASS">
          <reporter-output>
          </reporter-output>
        </test-method> <!-- verifyProductCountMatchesProductNameList -->
        <test-method is-config="true" signature="captureOnFail(org.testng.ITestResult)[pri:0, instance:com.SwagLabsUITest.TestCases.Tc2_InventoryTest@674bd420]" started-at="2026-02-18T10:40:20 IST" name="captureOnFail" finished-at="2026-02-18T10:40:20 IST" duration-ms="0" status="PASS">
          <params>
            <param index="0">
              <value>
                <![CDATA[[TestResult name=verifyProductCountMatchesProductNameList status=SUCCESS method=Tc2_InventoryTest.verifyProductCountMatchesProductNameList()[pri:9, instance:com.SwagLabsUITest.TestCases.Tc2_InventoryTest@674bd420] output={null}]]]>
              </value>
            </param>
          </params>
          <reporter-output>
          </reporter-output>
        </test-method> <!-- captureOnFail -->
      </class> <!-- com.SwagLabsUITest.TestCases.Tc2_InventoryTest -->
    </test> <!-- SwagLabs Tests -->
  </suite> <!-- Suite -->
</testng-results>
