<?xml version="1.0" encoding="UTF-8"?>
<!-- Generated by org.testng.reporters.JUnitReportReporter -->
<testsuite hostname="OLL-32221" failures="0" tests="3" name="com.SwagLabsUITest.TestCases.Tc2_InventoryTest" time="0.200" errors="0" timestamp="2026-02-17T10:59:07 IST" skipped="0">
  <testcase classname="com.SwagLabsUITest.TestCases.Tc2_InventoryTest" name="verifyProductCount" time="0.033"/>
  <testcase classname="com.SwagLabsUITest.TestCases.Tc2_InventoryTest" name="verifyBikeLightProductName" time="0.060"/>
  <testcase classname="com.SwagLabsUITest.TestCases.Tc2_InventoryTest" name="verifyAllProductNames" time="0.107"/>
</testsuite> <!-- com.SwagLabsUITest.TestCases.Tc2_InventoryTest -->
