<?xml version="1.0" encoding="UTF-8"?>
<!-- Generated by org.testng.reporters.JUnitReportReporter -->
<testsuite hostname="OLL-32221" failures="0" tests="4" name="com.SwagLabsUITest.TestCases.Tc2_InventoryTest" time="0.422" errors="0" timestamp="2026-02-16T09:22:00 IST" skipped="0">
  <testcase classname="com.SwagLabsUITest.TestCases.Tc2_InventoryTest" name="verifyProductCount" time="0.031"/>
  <testcase classname="com.SwagLabsUITest.TestCases.Tc2_InventoryTest" name="verifyBikeLightProductName" time="0.043"/>
  <testcase classname="com.SwagLabsUITest.TestCases.Tc2_InventoryTest" name="verifyAddToCart" time="0.242"/>
  <testcase classname="com.SwagLabsUITest.TestCases.Tc2_InventoryTest" name="verifyAllProductNames" time="0.106"/>
</testsuite> <!-- com.SwagLabsUITest.TestCases.Tc2_InventoryTest -->
