<?xml version="1.0" encoding="UTF-8"?>
<!-- Generated by org.testng.reporters.JUnitReportReporter -->
<testsuite hostname="OLL-32221" failures="0" tests="6" name="com.SwagLabsUITest.TestCases.Tc1_LoginTest" time="1.564" errors="0" timestamp="2026-02-17T10:59:07 IST" skipped="0">
  <testcase classname="com.SwagLabsUITest.TestCases.Tc1_LoginTest" name="verifyUrl" time="0.102"/>
  <testcase classname="com.SwagLabsUITest.TestCases.Tc1_LoginTest" name="VerifyTitle" time="0.022"/>
  <testcase classname="com.SwagLabsUITest.TestCases.Tc1_LoginTest" name="VerifyLogin" time="0.372"/>
  <testcase classname="com.SwagLabsUITest.TestCases.Tc1_LoginTest" name="VerifyLogin" time="0.324"/>
  <testcase classname="com.SwagLabsUITest.TestCases.Tc1_LoginTest" name="VerifyLogin" time="0.372"/>
  <testcase classname="com.SwagLabsUITest.TestCases.Tc1_LoginTest" name="VerifyLogin" time="0.372"/>
</testsuite> <!-- com.SwagLabsUITest.TestCases.Tc1_LoginTest -->
