<?xml version="1.0" encoding="UTF-8"?>
<!-- Generated by org.testng.reporters.JUnitReportReporter -->
<testsuite hostname="OLL-32221" failures="0" tests="6" name="com.SwagLabsUITest.TestCases.Tc1_LoginTest" time="1.655" errors="0" timestamp="2026-02-16T09:22:00 IST" skipped="0">
  <testcase classname="com.SwagLabsUITest.TestCases.Tc1_LoginTest" name="verifyUrl" time="0.131"/>
  <testcase classname="com.SwagLabsUITest.TestCases.Tc1_LoginTest" name="VerifyTitle" time="0.017"/>
  <testcase classname="com.SwagLabsUITest.TestCases.Tc1_LoginTest" name="VerifyLogin" time="0.381"/>
  <testcase classname="com.SwagLabsUITest.TestCases.Tc1_LoginTest" name="VerifyLogin" time="0.355"/>
  <testcase classname="com.SwagLabsUITest.TestCases.Tc1_LoginTest" name="VerifyLogin" time="0.354"/>
  <testcase classname="com.SwagLabsUITest.TestCases.Tc1_LoginTest" name="VerifyLogin" time="0.417"/>
</testsuite> <!-- com.SwagLabsUITest.TestCases.Tc1_LoginTest -->
