<?xml version="1.0" encoding="UTF-8"?>
<!-- Generated by org.testng.reporters.JUnitReportReporter -->
<testsuite hostname="OLL-32221" failures="0" tests="2" name="testlistener.TestListener" time="0.006" errors="0" timestamp="2026-02-13T12:19:04 IST" skipped="0">
  <testcase classname="testlistener.TestListener" name="testcase2" time="0.004"/>
  <system-out/>
  <testcase classname="testlistener.TestListener" name="testcase1" time="0.002"/>
  <system-out/>
</testsuite> <!-- testlistener.TestListener -->
