<?xml version="1.0" encoding="UTF-8"?>
<!-- Generated by org.testng.reporters.JUnitReportReporter -->
<testsuite hostname="OLL-32221" failures="0" tests="6" name="com.SwagLabsUITest.TestCases.Tc1_LoginTest" time="3.140" errors="0" timestamp="2026-02-13T12:19:04 IST" skipped="0">
  <testcase classname="com.SwagLabsUITest.TestCases.Tc1_LoginTest" name="verifyUrl" time="0.103"/>
  <system-out/>
  <testcase classname="com.SwagLabsUITest.TestCases.Tc1_LoginTest" name="verifyTitle" time="0.016"/>
  <system-out/>
  <testcase classname="com.SwagLabsUITest.TestCases.Tc1_LoginTest" name="verifyLogin" time="0.692"/>
  <system-out/>
  <testcase classname="com.SwagLabsUITest.TestCases.Tc1_LoginTest" name="verifyLogin" time="0.732"/>
  <system-out/>
  <testcase classname="com.SwagLabsUITest.TestCases.Tc1_LoginTest" name="verifyLogin" time="0.652"/>
  <system-out/>
  <testcase classname="com.SwagLabsUITest.TestCases.Tc1_LoginTest" name="verifyLogin" time="0.945"/>
  <system-out/>
</testsuite> <!-- com.SwagLabsUITest.TestCases.Tc1_LoginTest -->
