<?xml version="1.0" encoding="UTF-8"?>
<!-- Generated by org.testng.reporters.JUnitReportReporter -->
<testsuite hostname="OLL-32221" failures="0" tests="2" name="com.SwagLabsUITest.TestCases.Tc2_InventoryTest" time="0.266" errors="0" timestamp="2026-02-13T12:19:04 IST" skipped="0">
  <testcase classname="com.SwagLabsUITest.TestCases.Tc2_InventoryTest" name="printProductDetails" time="0.237"/>
  <system-out/>
  <testcase classname="com.SwagLabsUITest.TestCases.Tc2_InventoryTest" name="verifyProductCount" time="0.029"/>
  <system-out/>
</testsuite> <!-- com.SwagLabsUITest.TestCases.Tc2_InventoryTest -->
